[09:28:31] [main/INFO]: Setting user: Player823
[09:28:36] [Client thread/INFO]: LWJGL Version: 2.9.1
[09:28:58] [Client thread/INFO]: Reloading ResourceManager: Default, FMLFileResourcePack:Forge Mod Loader, FMLFileResourcePack:Minecraft Forge, FMLFileResourcePack:The Gargate Mod
[09:29:00] [Sound Library Loader/INFO]: Sound engine started
[09:29:09] [Client thread/INFO]: Created: 512x256 textures/blocks-atlas
[09:29:10] [Client thread/INFO]: Created: 256x256 textures/items-atlas
[09:29:10] [Client thread/INFO]: Reloading ResourceManager: Default, FMLFileResourcePack:Forge Mod Loader, FMLFileResourcePack:Minecraft Forge, FMLFileResourcePack:The Gargate Mod
[09:29:11] [Client thread/INFO]: Created: 256x256 textures/items-atlas
[09:29:12] [Client thread/INFO]: Created: 512x256 textures/blocks-atlas
[09:29:13] [Sound Library Loader/INFO]: Sound engine started
[09:29:30] [Client thread/INFO]: Deleting level New World
[09:29:30] [Client thread/INFO]: Attempt 1...
[09:29:39] [Server thread/INFO]: Starting integrated minecraft server version 1.7.10
[09:29:39] [Server thread/INFO]: Generating keypair
[09:29:39] [Server thread/INFO]: Converting map!
[09:29:39] [Server thread/INFO]: Scanning folders...
[09:29:39] [Server thread/INFO]: Total conversion count is 0
[09:29:42] [Server thread/INFO]: Preparing start region for level 0
[09:29:43] [Server thread/INFO]: Changing view distance to 12, from 10
[09:29:47] [Server thread/INFO]: Player823[local:E:f6bd2301] logged in with entity id 0 at (-829.5, 4.0, -1532.5)
[09:29:47] [Server thread/INFO]: Player823 joined the game
[09:29:50] [Server thread/WARN]: Can't keep up! Did the system time change, or is the server overloaded? Running 3087ms behind, skipping 61 tick(s)
[09:29:54] [Server thread/INFO]: Player823 has just earned the achievement [Taking Inventory]
[09:29:54] [Client thread/INFO]: [CHAT] Player823 has just earned the achievement [Taking Inventory]
[09:30:08] [Server thread/WARN]: Can't keep up! Did the system time change, or is the server overloaded? Running 2222ms behind, skipping 44 tick(s)
[09:30:34] [Server thread/WARN]: Can't keep up! Did the system time change, or is the server overloaded? Running 2731ms behind, skipping 54 tick(s)
[09:31:01] [Server thread/INFO]: Saving and pausing game...
[09:31:01] [Server thread/INFO]: Saving chunks for level 'New World'/Overworld
[09:31:01] [Server thread/INFO]: Saving chunks for level 'New World'/Nether
[09:31:01] [Server thread/INFO]: Saving chunks for level 'New World'/The End
[09:31:02] [Server thread/INFO]: Stopping server
[09:31:02] [Server thread/INFO]: Saving players
[09:31:02] [Server thread/INFO]: Saving worlds
[09:31:02] [Server thread/INFO]: Saving chunks for level 'New World'/Overworld
[09:31:02] [Server thread/INFO]: Saving chunks for level 'New World'/Nether
[09:31:02] [Server thread/INFO]: Saving chunks for level 'New World'/The End
[09:31:08] [Client thread/INFO]: Stopping!
